<?xml version="1.0" encoding="UTF-8"?>
<!-- Generated by org.testng.reporters.JUnitReportReporter -->
<testsuite hostname="DESKTOP-RGU3BLL" failures="0" tests="1" name="pagess.LoginP" time="42.964" errors="0" timestamp="2022-11-09T17:15:56 IST" skipped="0">
  <testcase classname="pagess.LoginP" name="loginit" time="42.964"/>
  <system-out/>
</testsuite> <!-- pagess.LoginP -->
